{"level":"error"}
{"level":"error"}
{"level":"error"}
{"level":"error"}
{"generatedMessage":false,"name":"AssertionError [ERR_ASSERTION]","code":"ERR_ASSERTION","expected":true,"operator":"==","level":"error"}
{"generatedMessage":false,"name":"AssertionError [ERR_ASSERTION]","code":"ERR_ASSERTION","expected":true,"operator":"==","level":"error"}
{"generatedMessage":false,"name":"AssertionError [ERR_ASSERTION]","code":"ERR_ASSERTION","expected":true,"operator":"==","level":"error"}
{"generatedMessage":false,"name":"AssertionError [ERR_ASSERTION]","code":"ERR_ASSERTION","expected":true,"operator":"==","level":"error"}
{"generatedMessage":false,"name":"AssertionError [ERR_ASSERTION]","code":"ERR_ASSERTION","actual":false,"expected":true,"operator":"==","level":"error"}
{"generatedMessage":false,"name":"AssertionError [ERR_ASSERTION]","code":"ERR_ASSERTION","actual":false,"expected":true,"operator":"==","level":"error"}
{"generatedMessage":false,"name":"AssertionError [ERR_ASSERTION]","code":"ERR_ASSERTION","actual":false,"expected":true,"operator":"==","level":"error"}
{"name":"SequelizeDatabaseError","parent":{"code":"ER_EMPTY_QUERY","errno":1065,"sqlState":"42000","sqlMessage":"Query was empty","sql":""},"original":{"code":"ER_EMPTY_QUERY","errno":1065,"sqlState":"42000","sqlMessage":"Query was empty","sql":""},"sql":"","level":"error"}
{"name":"SequelizeDatabaseError","parent":{"code":"ER_EMPTY_QUERY","errno":1065,"sqlState":"42000","sqlMessage":"Query was empty","sql":""},"original":{"code":"ER_EMPTY_QUERY","errno":1065,"sqlState":"42000","sqlMessage":"Query was empty","sql":""},"sql":"","level":"error"}
{"name":"SequelizeDatabaseError","parent":{"code":"ER_EMPTY_QUERY","errno":1065,"sqlState":"42000","sqlMessage":"Query was empty","sql":""},"original":{"code":"ER_EMPTY_QUERY","errno":1065,"sqlState":"42000","sqlMessage":"Query was empty","sql":""},"sql":"","level":"error"}
{"name":"SequelizeDatabaseError","parent":{"code":"ER_EMPTY_QUERY","errno":1065,"sqlState":"42000","sqlMessage":"Query was empty","sql":""},"original":{"code":"ER_EMPTY_QUERY","errno":1065,"sqlState":"42000","sqlMessage":"Query was empty","sql":""},"sql":"","level":"error"}
{"name":"SequelizeDatabaseError","parent":{"code":"ER_EMPTY_QUERY","errno":1065,"sqlState":"42000","sqlMessage":"Query was empty","sql":""},"original":{"code":"ER_EMPTY_QUERY","errno":1065,"sqlState":"42000","sqlMessage":"Query was empty","sql":""},"sql":"","level":"error"}
{"level":"error"}
{"message":"employeeModel.Employee.delete is not a function","level":"error"}
{"message":"employeeModel.Employee.delete is not a function","level":"error"}
{"message":"Missing where attribute in the options parameter","level":"error"}
{"message":"Unknown column 'empId' in 'where clause'","level":"error"}
{"level":"error"}
{"message":"isDeleted is not defined","level":"error"}
{"message":"The argument passed to findAll must be an options object, use findByPk if you wish to pass a single primary key value","level":"error"}
{"name":"SequelizeDatabaseError","parent":{"code":"ER_DATA_TOO_LONG","errno":1406,"sqlState":"22001","sqlMessage":"Data too long for column 'password' at row 1","sql":"INSERT INTO `user` (`id`,`userid`,`firstname`,`lastname`,`email`,`password`,`isDeleted`) VALUES (DEFAULT,'3dd73490-f80c-11e8-bdb7-531fe95ae59d','Annapurna','Muvvala','anu@gmail.com','$2a$10$KI8eiIirlmdBOeimDwv1O.n1xVCDybdkSy2f43kEXr4iF//kl9uJW',0);"},"original":{"code":"ER_DATA_TOO_LONG","errno":1406,"sqlState":"22001","sqlMessage":"Data too long for column 'password' at row 1","sql":"INSERT INTO `user` (`id`,`userid`,`firstname`,`lastname`,`email`,`password`,`isDeleted`) VALUES (DEFAULT,'3dd73490-f80c-11e8-bdb7-531fe95ae59d','Annapurna','Muvvala','anu@gmail.com','$2a$10$KI8eiIirlmdBOeimDwv1O.n1xVCDybdkSy2f43kEXr4iF//kl9uJW',0);"},"sql":"INSERT INTO `user` (`id`,`userid`,`firstname`,`lastname`,`email`,`password`,`isDeleted`) VALUES (DEFAULT,'3dd73490-f80c-11e8-bdb7-531fe95ae59d','Annapurna','Muvvala','anu@gmail.com','$2a$10$KI8eiIirlmdBOeimDwv1O.n1xVCDybdkSy2f43kEXr4iF//kl9uJW',0);","level":"error"}
{"name":"SequelizeDatabaseError","parent":{"code":"ER_BAD_FIELD_ERROR","errno":1054,"sqlState":"42S22","sqlMessage":"Unknown column 'users.emailid' in 'where clause'","sql":"SELECT `id`, `userid`, `firstname`, `lastname`, `email`, `password`, `isDeleted` FROM `user` AS `users` WHERE `users`.`emailid` = 'jyo@gmail.com' LIMIT 1;"},"original":{"code":"ER_BAD_FIELD_ERROR","errno":1054,"sqlState":"42S22","sqlMessage":"Unknown column 'users.emailid' in 'where clause'","sql":"SELECT `id`, `userid`, `firstname`, `lastname`, `email`, `password`, `isDeleted` FROM `user` AS `users` WHERE `users`.`emailid` = 'jyo@gmail.com' LIMIT 1;"},"sql":"SELECT `id`, `userid`, `firstname`, `lastname`, `email`, `password`, `isDeleted` FROM `user` AS `users` WHERE `users`.`emailid` = 'jyo@gmail.com' LIMIT 1;","level":"error"}
{"message":"connect ECONNREFUSED 127.0.0.1:3306","level":"error"}
{"message":"connect ECONNREFUSED 127.0.0.1:3306","level":"error"}
{"message":"connect ECONNREFUSED 127.0.0.1:3306","level":"error"}
{"message":"connect ECONNREFUSED 127.0.0.1:3306","level":"error"}
{"name":"SequelizeDatabaseError","parent":{"code":"ER_DATA_TOO_LONG","errno":1406,"sqlState":"22001","sqlMessage":"Data too long for column 'password' at row 1","sql":"INSERT INTO `user` (`id`,`userid`,`firstname`,`lastname`,`email`,`password`,`isDeleted`) VALUES (DEFAULT,'17894500-fdff-11e8-b3df-cf32762c7354','Annapurna','Muvvala','annapurna@gmail.com','$2a$10$xW4sZ2vmAq6L/tbq3UommeiYMg08ruL5nHlOBZE6dBycjydWFK7aK',0);"},"original":{"code":"ER_DATA_TOO_LONG","errno":1406,"sqlState":"22001","sqlMessage":"Data too long for column 'password' at row 1","sql":"INSERT INTO `user` (`id`,`userid`,`firstname`,`lastname`,`email`,`password`,`isDeleted`) VALUES (DEFAULT,'17894500-fdff-11e8-b3df-cf32762c7354','Annapurna','Muvvala','annapurna@gmail.com','$2a$10$xW4sZ2vmAq6L/tbq3UommeiYMg08ruL5nHlOBZE6dBycjydWFK7aK',0);"},"sql":"INSERT INTO `user` (`id`,`userid`,`firstname`,`lastname`,`email`,`password`,`isDeleted`) VALUES (DEFAULT,'17894500-fdff-11e8-b3df-cf32762c7354','Annapurna','Muvvala','annapurna@gmail.com','$2a$10$xW4sZ2vmAq6L/tbq3UommeiYMg08ruL5nHlOBZE6dBycjydWFK7aK',0);","level":"error"}
{"name":"SequelizeDatabaseError","parent":{"code":"ER_DATA_TOO_LONG","errno":1406,"sqlState":"22001","sqlMessage":"Data too long for column 'password' at row 1","sql":"INSERT INTO `user` (`id`,`userid`,`firstname`,`lastname`,`email`,`password`,`isDeleted`) VALUES (DEFAULT,'2b0de9a0-fdff-11e8-b3df-cf32762c7354','Annapurna','Muvvala','annapurna@gmail.com','$2a$10$DnPEnEuq3z/iMETAvAFFPegPHQUfZMa8tbVuH600CdtEM2KeG6LP2',0);"},"original":{"code":"ER_DATA_TOO_LONG","errno":1406,"sqlState":"22001","sqlMessage":"Data too long for column 'password' at row 1","sql":"INSERT INTO `user` (`id`,`userid`,`firstname`,`lastname`,`email`,`password`,`isDeleted`) VALUES (DEFAULT,'2b0de9a0-fdff-11e8-b3df-cf32762c7354','Annapurna','Muvvala','annapurna@gmail.com','$2a$10$DnPEnEuq3z/iMETAvAFFPegPHQUfZMa8tbVuH600CdtEM2KeG6LP2',0);"},"sql":"INSERT INTO `user` (`id`,`userid`,`firstname`,`lastname`,`email`,`password`,`isDeleted`) VALUES (DEFAULT,'2b0de9a0-fdff-11e8-b3df-cf32762c7354','Annapurna','Muvvala','annapurna@gmail.com','$2a$10$DnPEnEuq3z/iMETAvAFFPegPHQUfZMa8tbVuH600CdtEM2KeG6LP2',0);","level":"error"}
{"message":"Table 'test.employee' doesn't exist","level":"error"}
{"message":"SHTTP_CODES is not defined","level":"error"}
 [LOG]  2018-12-19 14:09:23  [31m[31merror[31m[39m: sHTTP_CODES is not defined
